<?xml version="1.0" encoding="UTF-8"?>
<!-- Generated by org.testng.reporters.JUnitReportReporter -->
<testsuite hostname="DESKTOP-7A5CLN9" failures="0" tests="1" name="ticketBooking.Redbus" time="13.106" errors="0" timestamp="2023-08-06T06:13:03 GMT-07:00" skipped="0">
  <testcase classname="ticketBooking.Redbus" name="RedbusTest" time="13.106"/>
  <system-out>
    <![CDATA[Opening Redbuss]]>
  </system-out>
</testsuite> <!-- ticketBooking.Redbus -->
